<?xml version="1.0" encoding="UTF-8"?>
<testng-results ignored="0" total="1" passed="1" failed="0" skipped="0">
  <reporter-output>
  </reporter-output>
  <suite started-at="2023-11-21T18:46:24 IST" name="Default suite" finished-at="2023-11-21T18:46:49 IST" duration-ms="24624">
    <groups>
    </groups>
    <test started-at="2023-11-21T18:46:24 IST" name="Default test" finished-at="2023-11-21T18:46:49 IST" duration-ms="24624">
      <class name="ecommerce.EcommerceMobileBrowserTest.ecommerceMobileBrowser_tc1">
        <test-method is-config="true" signature="configureAppium()[pri:0, instance:ecommerce.EcommerceMobileBrowserTest.ecommerceMobileBrowser_tc1@53fb3dab]" started-at="2023-11-21T18:46:24 IST" name="configureAppium" finished-at="2023-11-21T18:46:39 IST" duration-ms="14674" status="PASS">
          <reporter-output>
          </reporter-output>
        </test-method> <!-- configureAppium -->
        <test-method signature="browserTest()[pri:0, instance:ecommerce.EcommerceMobileBrowserTest.ecommerceMobileBrowser_tc1@53fb3dab]" started-at="2023-11-21T18:46:39 IST" name="browserTest" finished-at="2023-11-21T18:46:48 IST" duration-ms="9127" status="PASS">
          <reporter-output>
          </reporter-output>
        </test-method> <!-- browserTest -->
        <test-method is-config="true" signature="tearDownAppium()[pri:0, instance:ecommerce.EcommerceMobileBrowserTest.ecommerceMobileBrowser_tc1@53fb3dab]" started-at="2023-11-21T18:46:48 IST" name="tearDownAppium" finished-at="2023-11-21T18:46:49 IST" duration-ms="790" status="PASS">
          <reporter-output>
          </reporter-output>
        </test-method> <!-- tearDownAppium -->
      </class> <!-- ecommerce.EcommerceMobileBrowserTest.ecommerceMobileBrowser_tc1 -->
    </test> <!-- Default test -->
  </suite> <!-- Default suite -->
</testng-results>
