<?xml version="1.0" encoding="UTF-8"?>
<testng-results ignored="0" total="1" passed="1" failed="0" skipped="0">
  <reporter-output>
  </reporter-output>
  <suite started-at="2023-11-19T10:07:32 IST" name="Default suite" finished-at="2023-11-19T10:07:42 IST" duration-ms="9866">
    <groups>
    </groups>
    <test started-at="2023-11-19T10:07:32 IST" name="Default test" finished-at="2023-11-19T10:07:42 IST" duration-ms="9866">
      <class name="Appium.AppiumDemo.ScrollDemoTest">
        <test-method is-config="true" signature="configureAppium()[pri:0, instance:Appium.AppiumDemo.ScrollDemoTest@7ef82753]" started-at="2023-11-19T10:07:32 IST" name="configureAppium" finished-at="2023-11-19T10:07:38 IST" duration-ms="5557" status="PASS">
          <reporter-output>
          </reporter-output>
        </test-method> <!-- configureAppium -->
        <test-method signature="WifiSettingsName()[pri:0, instance:Appium.AppiumDemo.ScrollDemoTest@7ef82753]" started-at="2023-11-19T10:07:38 IST" name="WifiSettingsName" finished-at="2023-11-19T10:07:42 IST" duration-ms="3996" status="PASS">
          <reporter-output>
          </reporter-output>
        </test-method> <!-- WifiSettingsName -->
        <test-method is-config="true" signature="tearDownAppium()[pri:0, instance:Appium.AppiumDemo.ScrollDemoTest@7ef82753]" started-at="2023-11-19T10:07:42 IST" name="tearDownAppium" finished-at="2023-11-19T10:07:42 IST" duration-ms="282" status="PASS">
          <reporter-output>
          </reporter-output>
        </test-method> <!-- tearDownAppium -->
      </class> <!-- Appium.AppiumDemo.ScrollDemoTest -->
    </test> <!-- Default test -->
  </suite> <!-- Default suite -->
</testng-results>
